<?xml version="1.0" encoding="UTF-8"?>
<testng-results ignored="0" total="1" passed="1" failed="0" skipped="0">
  <reporter-output>
  </reporter-output>
  <suite started-at="2023-07-16T11:00:22 ICT" name="Default suite" finished-at="2023-07-16T11:00:35 ICT" duration-ms="13558">
    <groups>
    </groups>
    <test started-at="2023-07-16T11:00:22 ICT" name="Default test" finished-at="2023-07-16T11:00:35 ICT" duration-ms="13558">
      <class name="org.web.automation.testcases.TC_001_Registration_Functionality">
        <test-method is-config="true" signature="startBrowser()[pri:0, instance:org.web.automation.testcases.TC_001_Registration_Functionality@6631f5ca]" started-at="2023-07-16T11:00:22 ICT" name="startBrowser" finished-at="2023-07-16T11:00:26 ICT" duration-ms="3901" status="PASS">
          <reporter-output>
          </reporter-output>
        </test-method> <!-- startBrowser -->
        <test-method signature="tc001()[pri:0, instance:org.web.automation.testcases.TC_001_Registration_Functionality@6631f5ca]" started-at="2023-07-16T11:00:26 ICT" name="tc001" finished-at="2023-07-16T11:00:35 ICT" duration-ms="9638" status="PASS">
          <reporter-output>
          </reporter-output>
        </test-method> <!-- tc001 -->
        <test-method is-config="true" signature="closeBrowser()[pri:0, instance:org.web.automation.testcases.TC_001_Registration_Functionality@6631f5ca]" started-at="2023-07-16T11:00:35 ICT" name="closeBrowser" finished-at="2023-07-16T11:00:35 ICT" duration-ms="0" status="PASS">
          <reporter-output>
          </reporter-output>
        </test-method> <!-- closeBrowser -->
      </class> <!-- org.web.automation.testcases.TC_001_Registration_Functionality -->
    </test> <!-- Default test -->
  </suite> <!-- Default suite -->
</testng-results>
